[     212ms] [INFO] %cDownload the React DevTools for a better development experience: https://reactjs.org/link/react-devtools font-weight:bold @ http://localhost:5173/node_modules/.vite/deps/chunk-NUMECXU6.js?v=47c88d31:21550
[     264ms] [WARNING] WebSocket connection to 'ws://localhost:5173/ws/chat' failed: WebSocket is closed before the connection is established. @ http://localhost:5173/src/api/wsClient.ts:43
[     275ms] [ERROR] Failed to load resource: the server responded with a status of 404 (Not Found) @ http://localhost:5173/favicon.ico:0
[  660670ms] ReferenceError: WsClient is not defined
    at http://localhost:5173/src/features/chat/useChatController.ts?t=1783162299745:88:20
    at commitHookEffectListMount (http://localhost:5173/node_modules/.vite/deps/chunk-NUMECXU6.js?v=47c88d31:16915:34)
    at commitPassiveMountOnFiber (http://localhost:5173/node_modules/.vite/deps/chunk-NUMECXU6.js?v=47c88d31:18156:19)
    at commitPassiveMountEffects_complete (http://localhost:5173/node_modules/.vite/deps/chunk-NUMECXU6.js?v=47c88d31:18129:17)
    at commitPassiveMountEffects_begin (http://localhost:5173/node_modules/.vite/deps/chunk-NUMECXU6.js?v=47c88d31:18119:15)
    at commitPassiveMountEffects (http://localhost:5173/node_modules/.vite/deps/chunk-NUMECXU6.js?v=47c88d31:18109:11)
    at flushPassiveEffectsImpl (http://localhost:5173/node_modules/.vite/deps/chunk-NUMECXU6.js?v=47c88d31:19490:11)
    at flushPassiveEffects (http://localhost:5173/node_modules/.vite/deps/chunk-NUMECXU6.js?v=47c88d31:19447:22)
    at commitRootImpl (http://localhost:5173/node_modules/.vite/deps/chunk-NUMECXU6.js?v=47c88d31:19416:13)
    at commitRoot (http://localhost:5173/node_modules/.vite/deps/chunk-NUMECXU6.js?v=47c88d31:19277:13)
[  660663ms] [ERROR] The above error occurred in the <ChatPage> component:

    at ChatPage (http://localhost:5173/src/features/chat/ChatPage.tsx?t=1783162299745:38:16)
    at App

Consider adding an error boundary to your tree to customize error handling behavior.
Visit https://reactjs.org/link/error-boundaries to learn more about error boundaries. @ http://localhost:5173/node_modules/.vite/deps/chunk-NUMECXU6.js?v=47c88d31:14031
[  660672ms] ReferenceError: WsClient is not defined
    at http://localhost:5173/src/features/chat/useChatController.ts?t=1783162299745:88:20
    at commitHookEffectListMount (http://localhost:5173/node_modules/.vite/deps/chunk-NUMECXU6.js?v=47c88d31:16915:34)
    at commitPassiveMountOnFiber (http://localhost:5173/node_modules/.vite/deps/chunk-NUMECXU6.js?v=47c88d31:18156:19)
    at commitPassiveMountEffects_complete (http://localhost:5173/node_modules/.vite/deps/chunk-NUMECXU6.js?v=47c88d31:18129:17)
    at commitPassiveMountEffects_begin (http://localhost:5173/node_modules/.vite/deps/chunk-NUMECXU6.js?v=47c88d31:18119:15)
    at commitPassiveMountEffects (http://localhost:5173/node_modules/.vite/deps/chunk-NUMECXU6.js?v=47c88d31:18109:11)
    at flushPassiveEffectsImpl (http://localhost:5173/node_modules/.vite/deps/chunk-NUMECXU6.js?v=47c88d31:19490:11)
    at flushPassiveEffects (http://localhost:5173/node_modules/.vite/deps/chunk-NUMECXU6.js?v=47c88d31:19447:22)
    at commitRootImpl (http://localhost:5173/node_modules/.vite/deps/chunk-NUMECXU6.js?v=47c88d31:19416:13)
    at commitRoot (http://localhost:5173/node_modules/.vite/deps/chunk-NUMECXU6.js?v=47c88d31:19277:13)
[  665810ms] ReferenceError: WsClient is not defined
    at http://localhost:5173/src/features/chat/useChatController.ts?t=1783162304867:88:20
    at commitHookEffectListMount (http://localhost:5173/node_modules/.vite/deps/chunk-NUMECXU6.js?v=47c88d31:16915:34)
    at commitPassiveMountOnFiber (http://localhost:5173/node_modules/.vite/deps/chunk-NUMECXU6.js?v=47c88d31:18156:19)
    at commitPassiveMountEffects_complete (http://localhost:5173/node_modules/.vite/deps/chunk-NUMECXU6.js?v=47c88d31:18129:17)
    at commitPassiveMountEffects_begin (http://localhost:5173/node_modules/.vite/deps/chunk-NUMECXU6.js?v=47c88d31:18119:15)
    at commitPassiveMountEffects (http://localhost:5173/node_modules/.vite/deps/chunk-NUMECXU6.js?v=47c88d31:18109:11)
    at flushPassiveEffectsImpl (http://localhost:5173/node_modules/.vite/deps/chunk-NUMECXU6.js?v=47c88d31:19490:11)
    at flushPassiveEffects (http://localhost:5173/node_modules/.vite/deps/chunk-NUMECXU6.js?v=47c88d31:19447:22)
    at commitRootImpl (http://localhost:5173/node_modules/.vite/deps/chunk-NUMECXU6.js?v=47c88d31:19416:13)
    at commitRoot (http://localhost:5173/node_modules/.vite/deps/chunk-NUMECXU6.js?v=47c88d31:19277:13)
[  665810ms] ReferenceError: WsClient is not defined
    at http://localhost:5173/src/features/chat/useChatController.ts?t=1783162304867:88:20
    at commitHookEffectListMount (http://localhost:5173/node_modules/.vite/deps/chunk-NUMECXU6.js?v=47c88d31:16915:34)
    at invokePassiveEffectMountInDEV (http://localhost:5173/node_modules/.vite/deps/chunk-NUMECXU6.js?v=47c88d31:18324:19)
    at invokeEffectsInDev (http://localhost:5173/node_modules/.vite/deps/chunk-NUMECXU6.js?v=47c88d31:19701:19)
    at commitDoubleInvokeEffectsInDEV (http://localhost:5173/node_modules/.vite/deps/chunk-NUMECXU6.js?v=47c88d31:19686:15)
    at flushPassiveEffectsImpl (http://localhost:5173/node_modules/.vite/deps/chunk-NUMECXU6.js?v=47c88d31:19503:13)
    at flushPassiveEffects (http://localhost:5173/node_modules/.vite/deps/chunk-NUMECXU6.js?v=47c88d31:19447:22)
    at commitRootImpl (http://localhost:5173/node_modules/.vite/deps/chunk-NUMECXU6.js?v=47c88d31:19416:13)
    at commitRoot (http://localhost:5173/node_modules/.vite/deps/chunk-NUMECXU6.js?v=47c88d31:19277:13)
    at performSyncWorkOnRoot (http://localhost:5173/node_modules/.vite/deps/chunk-NUMECXU6.js?v=47c88d31:18895:11)
[  665810ms] [ERROR] The above error occurred in the <ChatPage> component:

    at ChatPage (http://localhost:5173/src/features/chat/ChatPage.tsx?t=1783162304867:38:16)
    at App

Consider adding an error boundary to your tree to customize error handling behavior.
Visit https://reactjs.org/link/error-boundaries to learn more about error boundaries. @ http://localhost:5173/node_modules/.vite/deps/chunk-NUMECXU6.js?v=47c88d31:14031
[  665810ms] [ERROR] The above error occurred in the <ChatPage> component:

    at ChatPage (http://localhost:5173/src/features/chat/ChatPage.tsx?t=1783162304867:38:16)
    at App

Consider adding an error boundary to your tree to customize error handling behavior.
Visit https://reactjs.org/link/error-boundaries to learn more about error boundaries. @ http://localhost:5173/node_modules/.vite/deps/chunk-NUMECXU6.js?v=47c88d31:14031
[  665811ms] ReferenceError: WsClient is not defined
    at http://localhost:5173/src/features/chat/useChatController.ts?t=1783162304867:88:20
    at commitHookEffectListMount (http://localhost:5173/node_modules/.vite/deps/chunk-NUMECXU6.js?v=47c88d31:16915:34)
    at commitPassiveMountOnFiber (http://localhost:5173/node_modules/.vite/deps/chunk-NUMECXU6.js?v=47c88d31:18156:19)
    at commitPassiveMountEffects_complete (http://localhost:5173/node_modules/.vite/deps/chunk-NUMECXU6.js?v=47c88d31:18129:17)
    at commitPassiveMountEffects_begin (http://localhost:5173/node_modules/.vite/deps/chunk-NUMECXU6.js?v=47c88d31:18119:15)
    at commitPassiveMountEffects (http://localhost:5173/node_modules/.vite/deps/chunk-NUMECXU6.js?v=47c88d31:18109:11)
    at flushPassiveEffectsImpl (http://localhost:5173/node_modules/.vite/deps/chunk-NUMECXU6.js?v=47c88d31:19490:11)
    at flushPassiveEffects (http://localhost:5173/node_modules/.vite/deps/chunk-NUMECXU6.js?v=47c88d31:19447:22)
    at commitRootImpl (http://localhost:5173/node_modules/.vite/deps/chunk-NUMECXU6.js?v=47c88d31:19416:13)
    at commitRoot (http://localhost:5173/node_modules/.vite/deps/chunk-NUMECXU6.js?v=47c88d31:19277:13)
[  673646ms] ReferenceError: WsClient is not defined
    at http://localhost:5173/src/features/chat/useChatController.ts?t=1783162312728:94:20
    at commitHookEffectListMount (http://localhost:5173/node_modules/.vite/deps/chunk-NUMECXU6.js?v=47c88d31:16915:34)
    at commitPassiveMountOnFiber (http://localhost:5173/node_modules/.vite/deps/chunk-NUMECXU6.js?v=47c88d31:18156:19)
    at commitPassiveMountEffects_complete (http://localhost:5173/node_modules/.vite/deps/chunk-NUMECXU6.js?v=47c88d31:18129:17)
    at commitPassiveMountEffects_begin (http://localhost:5173/node_modules/.vite/deps/chunk-NUMECXU6.js?v=47c88d31:18119:15)
    at commitPassiveMountEffects (http://localhost:5173/node_modules/.vite/deps/chunk-NUMECXU6.js?v=47c88d31:18109:11)
    at flushPassiveEffectsImpl (http://localhost:5173/node_modules/.vite/deps/chunk-NUMECXU6.js?v=47c88d31:19490:11)
    at flushPassiveEffects (http://localhost:5173/node_modules/.vite/deps/chunk-NUMECXU6.js?v=47c88d31:19447:22)
    at commitRootImpl (http://localhost:5173/node_modules/.vite/deps/chunk-NUMECXU6.js?v=47c88d31:19416:13)
    at commitRoot (http://localhost:5173/node_modules/.vite/deps/chunk-NUMECXU6.js?v=47c88d31:19277:13)
[  673646ms] [WARNING] WebSocket connection to 'ws://localhost:5173/ws/chat' failed: WebSocket is closed before the connection is established. @ http://localhost:5173/src/api/wsClient.ts?t=1783162228051:48
[  673648ms] ReferenceError: WsClient is not defined
    at http://localhost:5173/src/features/chat/useChatController.ts?t=1783162312728:94:20
    at commitHookEffectListMount (http://localhost:5173/node_modules/.vite/deps/chunk-NUMECXU6.js?v=47c88d31:16915:34)
    at invokePassiveEffectMountInDEV (http://localhost:5173/node_modules/.vite/deps/chunk-NUMECXU6.js?v=47c88d31:18324:19)
    at invokeEffectsInDev (http://localhost:5173/node_modules/.vite/deps/chunk-NUMECXU6.js?v=47c88d31:19701:19)
    at commitDoubleInvokeEffectsInDEV (http://localhost:5173/node_modules/.vite/deps/chunk-NUMECXU6.js?v=47c88d31:19686:15)
    at flushPassiveEffectsImpl (http://localhost:5173/node_modules/.vite/deps/chunk-NUMECXU6.js?v=47c88d31:19503:13)
    at flushPassiveEffects (http://localhost:5173/node_modules/.vite/deps/chunk-NUMECXU6.js?v=47c88d31:19447:22)
    at commitRootImpl (http://localhost:5173/node_modules/.vite/deps/chunk-NUMECXU6.js?v=47c88d31:19416:13)
    at commitRoot (http://localhost:5173/node_modules/.vite/deps/chunk-NUMECXU6.js?v=47c88d31:19277:13)
    at performSyncWorkOnRoot (http://localhost:5173/node_modules/.vite/deps/chunk-NUMECXU6.js?v=47c88d31:18895:11)
[  673648ms] [ERROR] The above error occurred in the <ChatPage> component:

    at ChatPage (http://localhost:5173/src/features/chat/ChatPage.tsx?t=1783162312728:38:16)
    at App

Consider adding an error boundary to your tree to customize error handling behavior.
Visit https://reactjs.org/link/error-boundaries to learn more about error boundaries. @ http://localhost:5173/node_modules/.vite/deps/chunk-NUMECXU6.js?v=47c88d31:14031
[  673648ms] [ERROR] The above error occurred in the <ChatPage> component:

    at ChatPage (http://localhost:5173/src/features/chat/ChatPage.tsx?t=1783162312728:38:16)
    at App

Consider adding an error boundary to your tree to customize error handling behavior.
Visit https://reactjs.org/link/error-boundaries to learn more about error boundaries. @ http://localhost:5173/node_modules/.vite/deps/chunk-NUMECXU6.js?v=47c88d31:14031
[  673649ms] [WARNING] WebSocket connection to 'ws://localhost:5173/ws/chat' failed: WebSocket is closed before the connection is established. @ http://localhost:5173/src/api/wsClient.ts?t=1783162228051:48
[  673652ms] ReferenceError: WsClient is not defined
    at http://localhost:5173/src/features/chat/useChatController.ts?t=1783162312728:94:20
    at commitHookEffectListMount (http://localhost:5173/node_modules/.vite/deps/chunk-NUMECXU6.js?v=47c88d31:16915:34)
    at commitPassiveMountOnFiber (http://localhost:5173/node_modules/.vite/deps/chunk-NUMECXU6.js?v=47c88d31:18156:19)
    at commitPassiveMountEffects_complete (http://localhost:5173/node_modules/.vite/deps/chunk-NUMECXU6.js?v=47c88d31:18129:17)
    at commitPassiveMountEffects_begin (http://localhost:5173/node_modules/.vite/deps/chunk-NUMECXU6.js?v=47c88d31:18119:15)
    at commitPassiveMountEffects (http://localhost:5173/node_modules/.vite/deps/chunk-NUMECXU6.js?v=47c88d31:18109:11)
    at flushPassiveEffectsImpl (http://localhost:5173/node_modules/.vite/deps/chunk-NUMECXU6.js?v=47c88d31:19490:11)
    at flushPassiveEffects (http://localhost:5173/node_modules/.vite/deps/chunk-NUMECXU6.js?v=47c88d31:19447:22)
    at commitRootImpl (http://localhost:5173/node_modules/.vite/deps/chunk-NUMECXU6.js?v=47c88d31:19416:13)
    at commitRoot (http://localhost:5173/node_modules/.vite/deps/chunk-NUMECXU6.js?v=47c88d31:19277:13)
[  679678ms] [WARNING] WebSocket connection to 'ws://localhost:5173/ws/chat' failed: WebSocket is closed before the connection is established. @ http://localhost:5173/src/api/wsClient.ts?t=1783162228051:48
[  708018ms] [ERROR] Failed to load resource: the server responded with a status of 500 (Internal Server Error) @ http://localhost:5173/src/features/chat/useChatController.ts?t=1783162347145:0
[  708019ms] [ERROR] [hmr] Failed to reload /src/features/chat/ChatPage.tsx. This could be due to syntax errors or importing non-existent modules. (see errors above) @ http://localhost:5173/@vite/client:175
[  716744ms] [ERROR] Failed to load resource: the server responded with a status of 500 (Internal Server Error) @ http://localhost:5173/src/features/chat/useChatController.ts?t=1783162355747:0
[  716744ms] [ERROR] [hmr] Failed to reload /src/features/chat/ChatPage.tsx. This could be due to syntax errors or importing non-existent modules. (see errors above) @ http://localhost:5173/@vite/client:175
[  717364ms] [ERROR] Failed to load resource: the server responded with a status of 500 (Internal Server Error) @ http://localhost:5173/src/features/chat/useChatController.ts?t=1783162356508:0
[  717364ms] [ERROR] [hmr] Failed to reload /src/features/chat/ChatPage.tsx. This could be due to syntax errors or importing non-existent modules. (see errors above) @ http://localhost:5173/@vite/client:175
[  718069ms] [ERROR] Failed to load resource: the server responded with a status of 500 (Internal Server Error) @ http://localhost:5173/src/features/chat/useChatController.ts?t=1783162357203:0
[  718069ms] [ERROR] [hmr] Failed to reload /src/features/chat/ChatPage.tsx. This could be due to syntax errors or importing non-existent modules. (see errors above) @ http://localhost:5173/@vite/client:175
[  722986ms] [ERROR] Failed to load resource: the server responded with a status of 500 (Internal Server Error) @ http://localhost:5173/src/features/chat/useChatController.ts?t=1783162362055:0
[  722988ms] [ERROR] [hmr] Failed to reload /src/features/chat/ChatPage.tsx. This could be due to syntax errors or importing non-existent modules. (see errors above) @ http://localhost:5173/@vite/client:175
[  723088ms] [ERROR] Failed to load resource: the server responded with a status of 500 (Internal Server Error) @ http://localhost:5173/src/features/chat/useChatController.ts?t=1783162362199:0
[  723088ms] [ERROR] [hmr] Failed to reload /src/features/chat/ChatPage.tsx. This could be due to syntax errors or importing non-existent modules. (see errors above) @ http://localhost:5173/@vite/client:175
[  723663ms] [ERROR] Failed to load resource: the server responded with a status of 500 (Internal Server Error) @ http://localhost:5173/src/features/chat/useChatController.ts?t=1783162362804:0
[  723664ms] [ERROR] [hmr] Failed to reload /src/features/chat/ChatPage.tsx. This could be due to syntax errors or importing non-existent modules. (see errors above) @ http://localhost:5173/@vite/client:175
[  724290ms] [ERROR] Failed to load resource: the server responded with a status of 500 (Internal Server Error) @ http://localhost:5173/src/features/chat/useChatController.ts?t=1783162363435:0
[  724290ms] [ERROR] [hmr] Failed to reload /src/features/chat/ChatPage.tsx. This could be due to syntax errors or importing non-existent modules. (see errors above) @ http://localhost:5173/@vite/client:175
[  724947ms] [ERROR] Failed to load resource: the server responded with a status of 500 (Internal Server Error) @ http://localhost:5173/src/features/chat/useChatController.ts?t=1783162364087:0
[  724947ms] [ERROR] [hmr] Failed to reload /src/features/chat/ChatPage.tsx. This could be due to syntax errors or importing non-existent modules. (see errors above) @ http://localhost:5173/@vite/client:175
[  726508ms] [ERROR] Failed to load resource: the server responded with a status of 500 (Internal Server Error) @ http://localhost:5173/src/features/chat/useChatController.ts?t=1783162365637:0
[  726508ms] [ERROR] [hmr] Failed to reload /src/features/chat/ChatPage.tsx. This could be due to syntax errors or importing non-existent modules. (see errors above) @ http://localhost:5173/@vite/client:175
[  727102ms] [ERROR] Failed to load resource: the server responded with a status of 500 (Internal Server Error) @ http://localhost:5173/src/features/chat/useChatController.ts?t=1783162366243:0
[  727102ms] [ERROR] [hmr] Failed to reload /src/features/chat/ChatPage.tsx. This could be due to syntax errors or importing non-existent modules. (see errors above) @ http://localhost:5173/@vite/client:175
[  733253ms] [ERROR] Failed to load resource: the server responded with a status of 500 (Internal Server Error) @ http://localhost:5173/src/features/chat/useChatController.ts?t=1783162372364:0
[  733253ms] [ERROR] [hmr] Failed to reload /src/features/chat/ChatPage.tsx. This could be due to syntax errors or importing non-existent modules. (see errors above) @ http://localhost:5173/@vite/client:175
[  733981ms] [ERROR] Failed to load resource: the server responded with a status of 500 (Internal Server Error) @ http://localhost:5173/src/features/chat/useChatController.ts?t=1783162373108:0
[  733981ms] [ERROR] [hmr] Failed to reload /src/features/chat/ChatPage.tsx. This could be due to syntax errors or importing non-existent modules. (see errors above) @ http://localhost:5173/@vite/client:175
[  737144ms] [ERROR] Warning: React has detected a change in the order of Hooks called by %s. This will lead to bugs and errors if not fixed. For more information, read the Rules of Hooks: https://reactjs.org/link/rules-of-hooks

   Previous render            Next render
   ------------------------------------------------------
%s   ^^^^^^^^^^^^^^^^^^^^^^^^^^^^^^^^^^^^^^^^^^^^^^^^^^^^^^
%s ChatPage 1. useRef                     useRef
2. useReducer                 useReducer
3. useRef                     useRef
4. useCallback                useCallback
5. useRef                     useRef
6. useState                   useState
7. useState                   useState
8. useState                   useState
9. useState                   useState
10. useRef                    useRef
11. useRef                    useRef
12. useEffect                 useEffect
13. useCallback               useCallback
14. useCallback               useCallback
15. useRef                    useRef
16. useRef                    useRef
17. useRef                    useRef
18. useRef                    useRef
19. useRef                    useRef
20. useRef                    useRef
21. useRef                    useState
 
    at ChatPage (http://localhost:5173/src/features/chat/ChatPage.tsx?t=1783162376180:38:16)
    at App @ http://localhost:5173/node_modules/.vite/deps/chunk-NUMECXU6.js?v=47c88d31:520
[  737151ms] Error: Should have a queue. This is likely a bug in React. Please file an issue.
    at updateReducer (http://localhost:5173/node_modules/.vite/deps/chunk-NUMECXU6.js?v=47c88d31:11730:19)
    at updateState (http://localhost:5173/node_modules/.vite/deps/chunk-NUMECXU6.js?v=47c88d31:12021:18)
    at Object.useState (http://localhost:5173/node_modules/.vite/deps/chunk-NUMECXU6.js?v=47c88d31:12753:24)
    at useState (http://localhost:5173/node_modules/.vite/deps/chunk-RLJ2RCJQ.js?v=47c88d31:1066:29)
    at useAudioRecorder (http://localhost:5173/src/hooks/useAudioRecorder.ts:4:37)
    at useChatController (http://localhost:5173/src/features/chat/useChatController.ts?t=1783162376180:87:80)
    at ChatPage (http://localhost:5173/src/features/chat/ChatPage.tsx?t=1783162376180:38:16)
    at renderWithHooks (http://localhost:5173/node_modules/.vite/deps/chunk-NUMECXU6.js?v=47c88d31:11548:26)
    at updateFunctionComponent (http://localhost:5173/node_modules/.vite/deps/chunk-NUMECXU6.js?v=47c88d31:14582:28)
    at beginWork (http://localhost:5173/node_modules/.vite/deps/chunk-NUMECXU6.js?v=47c88d31:15924:22)
[  737151ms] Error: Should have a queue. This is likely a bug in React. Please file an issue.
    at updateReducer (http://localhost:5173/node_modules/.vite/deps/chunk-NUMECXU6.js?v=47c88d31:11730:19)
    at updateState (http://localhost:5173/node_modules/.vite/deps/chunk-NUMECXU6.js?v=47c88d31:12021:18)
    at Object.useState (http://localhost:5173/node_modules/.vite/deps/chunk-NUMECXU6.js?v=47c88d31:12753:24)
    at useState (http://localhost:5173/node_modules/.vite/deps/chunk-RLJ2RCJQ.js?v=47c88d31:1066:29)
    at useAudioRecorder (http://localhost:5173/src/hooks/useAudioRecorder.ts:4:37)
    at useChatController (http://localhost:5173/src/features/chat/useChatController.ts?t=1783162376180:87:80)
    at ChatPage (http://localhost:5173/src/features/chat/ChatPage.tsx?t=1783162376180:38:16)
    at renderWithHooks (http://localhost:5173/node_modules/.vite/deps/chunk-NUMECXU6.js?v=47c88d31:11548:26)
    at updateFunctionComponent (http://localhost:5173/node_modules/.vite/deps/chunk-NUMECXU6.js?v=47c88d31:14582:28)
    at beginWork (http://localhost:5173/node_modules/.vite/deps/chunk-NUMECXU6.js?v=47c88d31:15924:22)
[  737147ms] [ERROR] The above error occurred in the <ChatPage> component:

    at ChatPage (http://localhost:5173/src/features/chat/ChatPage.tsx?t=1783162376180:38:16)
    at App

Consider adding an error boundary to your tree to customize error handling behavior.
Visit https://reactjs.org/link/error-boundaries to learn more about error boundaries. @ http://localhost:5173/node_modules/.vite/deps/chunk-NUMECXU6.js?v=47c88d31:14031
[  737151ms] Error: Should have a queue. This is likely a bug in React. Please file an issue.
    at updateReducer (http://localhost:5173/node_modules/.vite/deps/chunk-NUMECXU6.js?v=47c88d31:11730:19)
    at updateState (http://localhost:5173/node_modules/.vite/deps/chunk-NUMECXU6.js?v=47c88d31:12021:18)
    at Object.useState (http://localhost:5173/node_modules/.vite/deps/chunk-NUMECXU6.js?v=47c88d31:12753:24)
    at useState (http://localhost:5173/node_modules/.vite/deps/chunk-RLJ2RCJQ.js?v=47c88d31:1066:29)
    at useAudioRecorder (http://localhost:5173/src/hooks/useAudioRecorder.ts:4:37)
    at useChatController (http://localhost:5173/src/features/chat/useChatController.ts?t=1783162376180:87:80)
    at ChatPage (http://localhost:5173/src/features/chat/ChatPage.tsx?t=1783162376180:38:16)
    at renderWithHooks (http://localhost:5173/node_modules/.vite/deps/chunk-NUMECXU6.js?v=47c88d31:11548:26)
    at updateFunctionComponent (http://localhost:5173/node_modules/.vite/deps/chunk-NUMECXU6.js?v=47c88d31:14582:28)
    at beginWork (http://localhost:5173/node_modules/.vite/deps/chunk-NUMECXU6.js?v=47c88d31:15924:22)
[  836781ms] [WARNING] WebSocket connection to 'ws://localhost:5173/ws/chat' failed: WebSocket is closed before the connection is established. @ http://localhost:5173/src/api/wsClient.ts?t=1783162228051:48
